<?xml version="1.0" encoding="UTF-8"?>
<testng-results ignored="0" total="1" passed="1" failed="0" skipped="0">
  <reporter-output>
  </reporter-output>
  <suite started-at="2024-07-20T23:57:55 IST" name="Suite" finished-at="2024-07-20T23:58:05 IST" duration-ms="9943">
    <groups>
    </groups>
    <test started-at="2024-07-20T23:57:55 IST" name="Test" finished-at="2024-07-20T23:58:05 IST" duration-ms="9943">
      <class name="TestLayer.LoginPageTest">
        <test-method is-config="true" signature="setUp()[pri:0, instance:TestLayer.LoginPageTest@1d2adfbe]" started-at="2024-07-20T23:57:55 IST" name="setUp" finished-at="2024-07-20T23:58:02 IST" duration-ms="6537" status="PASS">
          <reporter-output>
          </reporter-output>
        </test-method> <!-- setUp -->
        <test-method signature="validateLoginPage()[pri:1, instance:TestLayer.LoginPageTest@1d2adfbe]" started-at="2024-07-20T23:58:02 IST" name="validateLoginPage" finished-at="2024-07-20T23:58:02 IST" duration-ms="238" status="PASS">
          <reporter-output>
          </reporter-output>
        </test-method> <!-- validateLoginPage -->
        <test-method is-config="true" signature="tearDown()[pri:0, instance:TestLayer.LoginPageTest@1d2adfbe]" started-at="2024-07-20T23:58:02 IST" name="tearDown" finished-at="2024-07-20T23:58:05 IST" duration-ms="3150" status="PASS">
          <reporter-output>
          </reporter-output>
        </test-method> <!-- tearDown -->
      </class> <!-- TestLayer.LoginPageTest -->
    </test> <!-- Test -->
  </suite> <!-- Suite -->
</testng-results>
