<?xml version="1.0" encoding="UTF-8"?>
<testng-results ignored="0" total="1" passed="1" failed="0" skipped="0">
  <reporter-output>
  </reporter-output>
  <suite started-at="2024-07-20T22:51:58 IST" name="Default suite" finished-at="2024-07-20T22:52:09 IST" duration-ms="10568">
    <groups>
    </groups>
    <test started-at="2024-07-20T22:51:58 IST" name="Default test" finished-at="2024-07-20T22:52:09 IST" duration-ms="10568">
      <class name="TestLayer.LoginPageTest">
        <test-method is-config="true" signature="setUp()[pri:0, instance:TestLayer.LoginPageTest@1189dd52]" started-at="2024-07-20T22:51:58 IST" name="setUp" finished-at="2024-07-20T22:52:08 IST" duration-ms="10323" status="PASS">
          <reporter-output>
          </reporter-output>
        </test-method> <!-- setUp -->
        <test-method signature="validateLoginPage()[pri:1, instance:TestLayer.LoginPageTest@1189dd52]" started-at="2024-07-20T22:52:08 IST" name="validateLoginPage" finished-at="2024-07-20T22:52:09 IST" duration-ms="229" status="PASS">
          <reporter-output>
          </reporter-output>
        </test-method> <!-- validateLoginPage -->
      </class> <!-- TestLayer.LoginPageTest -->
    </test> <!-- Default test -->
  </suite> <!-- Default suite -->
</testng-results>
